Activating service name='org.ayatana.bamf'
Activating service name='org.a11y.Bus'
Successfully activated service 'org.a11y.Bus'
Activating service name='org.a11y.atspi.Registry'
Activating service name='org.gtk.vfs.Daemon'
Successfully activated service 'org.a11y.atspi.Registry'

** (at-spi2-registryd:1748): WARNING **: Failed to register client: GDBus.Error:org.freedesktop.DBus.Error.ServiceUnknown: The name org.gnome.SessionManager was not provided by any .service files

** (at-spi2-registryd:1748): WARNING **: Unable to register client with session manager
Successfully activated service 'org.gtk.vfs.Daemon'
Successfully activated service 'org.ayatana.bamf'
Activating service name='com.canonical.indicator.keyboard'
Activating service name='org.gnome.evolution.dataserver.Sources2'
Activating service name='org.gnome.ScreenSaver'
Activating service name='org.freedesktop.Notifications'
Activating service name='ca.desrt.dconf'
Successfully activated service 'ca.desrt.dconf'
module-cache-reaper-Message: Scanning data directories
module-cache-reaper-Message: Scanning cache directories
Successfully activated service 'org.gnome.evolution.dataserver.Sources2'
Successfully activated service 'org.gnome.ScreenSaver'
Activating service name='org.gnome.evolution.dataserver.Calendar4'
Successfully activated service 'org.freedesktop.Notifications'
Successfully activated service 'com.canonical.indicator.keyboard'
Activating service name='org.gtk.Private.UDisks2VolumeMonitor'
Successfully activated service 'org.gtk.Private.UDisks2VolumeMonitor'
Successfully activated service 'org.gnome.evolution.dataserver.Calendar4'
Activating service name='org.gtk.Private.AfcVolumeMonitor'
Successfully activated service 'org.gtk.Private.AfcVolumeMonitor'
Activating service name='org.gtk.Private.MTPVolumeMonitor'
Successfully activated service 'org.gtk.Private.MTPVolumeMonitor'
Activating service name='org.gtk.Private.GPhoto2VolumeMonitor'
Successfully activated service 'org.gtk.Private.GPhoto2VolumeMonitor'
Activating service name='org.gnome.GConf'
Successfully activated service 'org.gnome.GConf'
** Message: Lost the name, shutting down.
Activating service name='org.freedesktop.Telepathy.AccountManager'
Successfully activated service 'org.freedesktop.Telepathy.AccountManager'
Activating service name='com.canonical.indicators.webcredentials'
Successfully activated service 'com.canonical.indicators.webcredentials'
Activating service name='org.gnome.zeitgeist.Engine'
Activating service name='org.gnome.zeitgeist.SimpleIndexer'
Successfully activated service 'org.gnome.zeitgeist.Engine'

** (zeitgeist-datahub:2191): WARNING **: zeitgeist-datahub.vala:229: Unable to get name "org.gnome.zeitgeist.datahub" on the bus!
Successfully activated service 'org.gnome.zeitgeist.SimpleIndexer'
Activating service name='org.gtk.vfs.Metadata'
Successfully activated service 'org.gtk.vfs.Metadata'

** (process:2104): WARNING **: *** Unsupported operation detected on trash directory

** (process:2104): WARNING **:     A trash files/ directory should only have files linked or unlinked (via moves or deletes).  Some other operation has been detected on a file in the directory (eg: a file has been modified).  Likely, the data reported by the trash backend will now be inconsistent.

** (process:2104): WARNING **:   dir: /home/jaeeunwoo/.local/share/Trash/files, file: tmpRepo, type: 1



** (process:2104): WARNING **: *** Unsupported operation detected on trash directory

** (process:2104): WARNING **:   dir: /home/jaeeunwoo/.local/share/Trash/files, file: gitRepository.2, type: 1


Activating service name='com.canonical.Unity.Scope.Home'
Successfully activated service 'com.canonical.Unity.Scope.Home'

(unity-scope-home:2422): unity-scope-home-WARNING **: platform-info.vala:112: Unable to read SIM properties: GDBus.Error:org.freedesktop.DBus.Error.ServiceUnknown: The name org.ofono was not provided by any .service files
Activating service name='com.canonical.Unity.Scope.Applications'
Activating service name='com.canonical.Unity.Scope.File.Gdrive'
Activating service name='com.canonical.Unity.Scope.LocalFiles'

(process:2440): unity-files-daemon-WARNING **: folder.vala:65: Failed to read favorites: Failed to open file '/home/jaeeunwoo/.gtk-bookmarks': No such file or directory
Successfully activated service 'com.canonical.Unity.Scope.LocalFiles'
Successfully activated service 'com.canonical.Unity.Scope.File.Gdrive'
Successfully activated service 'com.canonical.Unity.Scope.Applications'
