No protocol specified
check_gl_texture_size: Unable to open display :0
(unity-settings-daemon:1768): GnomeDesktop-WARNING **: GL_MAX_TEXTURE_SIZE helper quit unexpectedly

(unity-settings-daemon:1768): color-plugin-WARNING **: failed to get edid: unable to get EDID for output

(unity-settings-daemon:1768): color-plugin-WARNING **: unable to get EDID for xrandr-VGA-0: unable to get EDID for output

(unity-settings-daemon:1768): color-plugin-WARNING **: unable to get EDID for xrandr-VGA-0: unable to get EDID for output

(unity-settings-daemon:1768): color-plugin-WARNING **: unable to get EDID for xrandr-VGA-0: unable to get EDID for output

(unity-settings-daemon:1768): color-plugin-WARNING **: unable to get EDID for xrandr-VGA-0: unable to get EDID for output

(unity-settings-daemon:1768): color-plugin-WARNING **: unable to get EDID for xrandr-VGA-0: unable to get EDID for output

(unity-settings-daemon:1768): color-plugin-WARNING **: unable to get EDID for xrandr-VGA-0: unable to get EDID for output

(unity-settings-daemon:1768): color-plugin-WARNING **: unable to get EDID for xrandr-VGA-0: unable to get EDID for output

(unity-settings-daemon:1768): color-plugin-WARNING **: unable to get EDID for xrandr-VGA-0: unable to get EDID for output

(unity-settings-daemon:1768): color-plugin-WARNING **: unable to get EDID for xrandr-VGA-0: unable to get EDID for output

(unity-settings-daemon:1768): color-plugin-WARNING **: unable to get EDID for xrandr-VGA-0: unable to get EDID for output

(unity-settings-daemon:1768): color-plugin-WARNING **: unable to get EDID for xrandr-VGA-0: unable to get EDID for output

(unity-settings-daemon:1768): color-plugin-WARNING **: unable to get EDID for xrandr-VGA-0: unable to get EDID for output

(unity-settings-daemon:1768): color-plugin-WARNING **: unable to get EDID for xrandr-VGA-0: unable to get EDID for output

(unity-settings-daemon:1768): color-plugin-WARNING **: unable to get EDID for xrandr-VGA-0: unable to get EDID for output

(unity-settings-daemon:1768): color-plugin-WARNING **: unable to get EDID for xrandr-VGA-0: unable to get EDID for output

(unity-settings-daemon:1768): color-plugin-WARNING **: unable to get EDID for xrandr-VGA-0: unable to get EDID for output

(unity-settings-daemon:1768): color-plugin-WARNING **: unable to get EDID for xrandr-VGA-0: unable to get EDID for output

(unity-settings-daemon:1768): color-plugin-WARNING **: unable to get EDID for xrandr-VGA-0: unable to get EDID for output

(unity-settings-daemon:1768): color-plugin-WARNING **: unable to get EDID for xrandr-VGA-0: unable to get EDID for output

(unity-settings-daemon:1768): color-plugin-WARNING **: unable to get EDID for xrandr-VGA-0: unable to get EDID for output

(unity-settings-daemon:1768): color-plugin-WARNING **: unable to get EDID for xrandr-VGA-0: unable to get EDID for output

(unity-settings-daemon:1768): color-plugin-WARNING **: unable to get EDID for xrandr-VGA-0: unable to get EDID for output

(unity-settings-daemon:1768): color-plugin-WARNING **: unable to get EDID for xrandr-VGA-0: unable to get EDID for output

(unity-settings-daemon:1768): color-plugin-WARNING **: unable to get EDID for xrandr-VGA-0: unable to get EDID for output

(unity-settings-daemon:1768): color-plugin-WARNING **: unable to get EDID for xrandr-VGA-0: unable to get EDID for output

(unity-settings-daemon:1768): color-plugin-WARNING **: unable to get EDID for xrandr-VGA-0: unable to get EDID for output

(unity-settings-daemon:1768): color-plugin-WARNING **: unable to get EDID for xrandr-VGA-0: unable to get EDID for output

(unity-settings-daemon:1768): color-plugin-WARNING **: unable to get EDID for xrandr-VGA-0: unable to get EDID for output

(unity-settings-daemon:1768): color-plugin-WARNING **: unable to get EDID for xrandr-VGA-0: unable to get EDID for output

(unity-settings-daemon:1768): color-plugin-WARNING **: unable to get EDID for xrandr-VGA-0: unable to get EDID for output

(unity-settings-daemon:1768): color-plugin-WARNING **: unable to get EDID for xrandr-VGA-0: unable to get EDID for output

(unity-settings-daemon:1768): color-plugin-WARNING **: unable to get EDID for xrandr-VGA-0: unable to get EDID for output

(unity-settings-daemon:1768): color-plugin-WARNING **: unable to get EDID for xrandr-VGA-0: unable to get EDID for output

(unity-settings-daemon:1768): color-plugin-WARNING **: unable to get EDID for xrandr-VGA-0: unable to get EDID for output

(unity-settings-daemon:1768): color-plugin-WARNING **: unable to get EDID for xrandr-VGA-0: unable to get EDID for output
